2018-07-12 19:11:14.3963|0|INFO|Microsoft.AspNetCore.DataProtection.KeyManagement.XmlKeyManager|User profile is available. Using 'C:\Users\thinkpad\AppData\Local\ASP.NET\DataProtection-Keys' as key repository and Windows DPAPI to encrypt keys at rest. 
2018-07-12 19:11:14.4695|37|DEBUG|Microsoft.AspNetCore.DataProtection.Repositories.FileSystemXmlRepository|Reading data from file 'C:\Users\thinkpad\AppData\Local\ASP.NET\DataProtection-Keys\key-295e5714-03f7-42a6-9b95-0efd91630f19.xml'. 
2018-07-12 19:11:14.4695|37|DEBUG|Microsoft.AspNetCore.DataProtection.Repositories.FileSystemXmlRepository|Reading data from file 'C:\Users\thinkpad\AppData\Local\ASP.NET\DataProtection-Keys\key-49033ddf-dd89-4dab-ac84-38701bc09d92.xml'. 
2018-07-12 19:11:14.4695|37|DEBUG|Microsoft.AspNetCore.DataProtection.Repositories.FileSystemXmlRepository|Reading data from file 'C:\Users\thinkpad\AppData\Local\ASP.NET\DataProtection-Keys\key-bdfdd354-22d1-406e-b131-167fd01f886d.xml'. 
2018-07-12 19:11:14.4831|18|DEBUG|Microsoft.AspNetCore.DataProtection.KeyManagement.XmlKeyManager|Found key {295e5714-03f7-42a6-9b95-0efd91630f19}. 
2018-07-12 19:11:14.4831|18|DEBUG|Microsoft.AspNetCore.DataProtection.KeyManagement.XmlKeyManager|Found key {49033ddf-dd89-4dab-ac84-38701bc09d92}. 
2018-07-12 19:11:14.4831|18|DEBUG|Microsoft.AspNetCore.DataProtection.KeyManagement.XmlKeyManager|Found key {bdfdd354-22d1-406e-b131-167fd01f886d}. 
2018-07-12 19:11:14.4831|13|DEBUG|Microsoft.AspNetCore.DataProtection.KeyManagement.DefaultKeyResolver|Considering key {49033ddf-dd89-4dab-ac84-38701bc09d92} with expiration date 2018-09-28 15:54:56Z as default key. 
2018-07-12 19:11:14.5138|0|DEBUG|Microsoft.AspNetCore.DataProtection.TypeForwardingActivator|Forwarded activator type request from Microsoft.AspNetCore.DataProtection.XmlEncryption.DpapiXmlDecryptor, Microsoft.AspNetCore.DataProtection, Version=2.0.3.0, Culture=neutral, PublicKeyToken=adb9793829ddae60 to Microsoft.AspNetCore.DataProtection.XmlEncryption.DpapiXmlDecryptor, Microsoft.AspNetCore.DataProtection, Culture=neutral, PublicKeyToken=adb9793829ddae60 
2018-07-12 19:11:14.5179|51|DEBUG|Microsoft.AspNetCore.DataProtection.XmlEncryption.DpapiXmlDecryptor|Decrypting secret element using Windows DPAPI. 
2018-07-12 19:11:14.5179|0|DEBUG|Microsoft.AspNetCore.DataProtection.TypeForwardingActivator|Forwarded activator type request from Microsoft.AspNetCore.DataProtection.AuthenticatedEncryption.ConfigurationModel.AuthenticatedEncryptorDescriptorDeserializer, Microsoft.AspNetCore.DataProtection, Version=2.0.3.0, Culture=neutral, PublicKeyToken=adb9793829ddae60 to Microsoft.AspNetCore.DataProtection.AuthenticatedEncryption.ConfigurationModel.AuthenticatedEncryptorDescriptorDeserializer, Microsoft.AspNetCore.DataProtection, Culture=neutral, PublicKeyToken=adb9793829ddae60 
2018-07-12 19:11:14.5179|4|DEBUG|Microsoft.AspNetCore.DataProtection.AuthenticatedEncryption.CngCbcAuthenticatedEncryptorFactory|Opening CNG algorithm 'AES' from provider '(null)' with chaining mode CBC. 
2018-07-12 19:11:14.5349|3|DEBUG|Microsoft.AspNetCore.DataProtection.AuthenticatedEncryption.CngCbcAuthenticatedEncryptorFactory|Opening CNG algorithm 'SHA256' from provider '(null)' with HMAC. 
2018-07-12 19:11:14.5349|2|DEBUG|Microsoft.AspNetCore.DataProtection.KeyManagement.KeyRingProvider|Using key {49033ddf-dd89-4dab-ac84-38701bc09d92} as the default key. 
2018-07-12 19:11:14.5471|0|DEBUG|Microsoft.AspNetCore.DataProtection.Internal.DataProtectionStartupFilter|Key ring with default key {49033ddf-dd89-4dab-ac84-38701bc09d92} was loaded during application startup. 
2018-07-12 19:11:14.9396|3|DEBUG|Microsoft.AspNetCore.Hosting.Internal.WebHost|Hosting starting 
2018-07-12 19:11:14.9396|3|DEBUG|Microsoft.AspNetCore.Hosting.Internal.WebHost|Hosting starting 
2018-07-12 19:11:15.0413|4|DEBUG|Microsoft.AspNetCore.Hosting.Internal.WebHost|Hosting started 
2018-07-12 19:11:15.0413|4|DEBUG|Microsoft.AspNetCore.Hosting.Internal.WebHost|Hosting started 
2018-07-12 19:11:15.0413|0|DEBUG|Microsoft.AspNetCore.Hosting.Internal.WebHost|Loaded hosting startup assembly Dist.Dme.WebApi 
2018-07-12 19:11:15.0413|0|DEBUG|Microsoft.AspNetCore.Hosting.Internal.WebHost|Loaded hosting startup assembly Dist.Dme.WebApi 
2018-07-12 19:11:56.1802|1|DEBUG|Microsoft.AspNetCore.Server.Kestrel|Connection id "0HLF7T13OSK07" started. 
2018-07-12 19:11:56.1802|1|DEBUG|Microsoft.AspNetCore.Server.Kestrel|Connection id "0HLF7T13OSK06" started. 
2018-07-12 19:11:56.1802|1|DEBUG|Microsoft.AspNetCore.Server.Kestrel|Connection id "0HLF7T13OSK07" started. 
2018-07-12 19:11:56.1802|1|DEBUG|Microsoft.AspNetCore.Server.Kestrel|Connection id "0HLF7T13OSK06" started. 
2018-07-12 19:11:56.3188|1|INFO|Microsoft.AspNetCore.Hosting.Internal.WebHost|Request starting HTTP/1.1 GET http://127.0.0.1:7321/   
2018-07-12 19:11:56.3188|1|INFO|Microsoft.AspNetCore.Hosting.Internal.WebHost|Request starting HTTP/1.1 GET http://127.0.0.1:7321/   
2018-07-12 19:11:56.3410|3|DEBUG|Microsoft.AspNetCore.StaticFiles.StaticFileMiddleware|The request path  does not match the path filter 
2018-07-12 19:11:56.3410|3|DEBUG|Microsoft.AspNetCore.StaticFiles.StaticFileMiddleware|The request path  does not match the path filter 
2018-07-12 19:11:56.5128|1|DEBUG|Microsoft.AspNetCore.Builder.RouterMiddleware|Request did not match any routes. 
2018-07-12 19:11:56.5128|1|DEBUG|Microsoft.AspNetCore.Builder.RouterMiddleware|Request did not match any routes. 
2018-07-12 19:11:56.5451|9|DEBUG|Microsoft.AspNetCore.Server.Kestrel|Connection id "0HLF7T13OSK07" completed keep alive response. 
2018-07-12 19:11:56.5458|9|DEBUG|Microsoft.AspNetCore.Server.Kestrel|Connection id "0HLF7T13OSK07" completed keep alive response. 
2018-07-12 19:11:56.5458|2|INFO|Microsoft.AspNetCore.Hosting.Internal.WebHost|Request finished in 239.3382ms 404  
2018-07-12 19:11:56.5458|2|INFO|Microsoft.AspNetCore.Hosting.Internal.WebHost|Request finished in 239.3382ms 404  
2018-07-12 19:12:00.8334|1|INFO|Microsoft.AspNetCore.Hosting.Internal.WebHost|Request starting HTTP/1.1 GET http://127.0.0.1:7321/swagger   
2018-07-12 19:12:00.8334|1|INFO|Microsoft.AspNetCore.Hosting.Internal.WebHost|Request starting HTTP/1.1 GET http://127.0.0.1:7321/swagger   
2018-07-12 19:12:00.8334|9|DEBUG|Microsoft.AspNetCore.Server.Kestrel|Connection id "0HLF7T13OSK07" completed keep alive response. 
2018-07-12 19:12:00.8434|9|DEBUG|Microsoft.AspNetCore.Server.Kestrel|Connection id "0HLF7T13OSK07" completed keep alive response. 
2018-07-12 19:12:00.8434|2|INFO|Microsoft.AspNetCore.Hosting.Internal.WebHost|Request finished in 11.2293ms 301  
2018-07-12 19:12:00.8434|2|INFO|Microsoft.AspNetCore.Hosting.Internal.WebHost|Request finished in 11.2293ms 301  
2018-07-12 19:12:00.8434|1|INFO|Microsoft.AspNetCore.Hosting.Internal.WebHost|Request starting HTTP/1.1 GET http://127.0.0.1:7321/swagger/   
2018-07-12 19:12:00.8434|1|INFO|Microsoft.AspNetCore.Hosting.Internal.WebHost|Request starting HTTP/1.1 GET http://127.0.0.1:7321/swagger/   
2018-07-12 19:12:00.8849|9|DEBUG|Microsoft.AspNetCore.Server.Kestrel|Connection id "0HLF7T13OSK07" completed keep alive response. 
2018-07-12 19:12:00.8849|9|DEBUG|Microsoft.AspNetCore.Server.Kestrel|Connection id "0HLF7T13OSK07" completed keep alive response. 
2018-07-12 19:12:00.8849|2|INFO|Microsoft.AspNetCore.Hosting.Internal.WebHost|Request finished in 35.7133ms 200 text/html 
2018-07-12 19:12:00.8849|2|INFO|Microsoft.AspNetCore.Hosting.Internal.WebHost|Request finished in 35.7133ms 200 text/html 
2018-07-12 19:12:00.9006|1|INFO|Microsoft.AspNetCore.Hosting.Internal.WebHost|Request starting HTTP/1.1 GET http://127.0.0.1:7321/swagger/swagger-ui.css   
2018-07-12 19:12:00.9006|1|INFO|Microsoft.AspNetCore.Hosting.Internal.WebHost|Request starting HTTP/1.1 GET http://127.0.0.1:7321/swagger/swagger-ui-bundle.js   
2018-07-12 19:12:00.9006|1|INFO|Microsoft.AspNetCore.Hosting.Internal.WebHost|Request starting HTTP/1.1 GET http://127.0.0.1:7321/swagger/swagger-ui-bundle.js   
2018-07-12 19:12:00.9006|1|DEBUG|Microsoft.AspNetCore.Server.Kestrel|Connection id "0HLF7T13OSK08" started. 
2018-07-12 19:12:00.9065|1|DEBUG|Microsoft.AspNetCore.Server.Kestrel|Connection id "0HLF7T13OSK08" started. 
2018-07-12 19:12:00.9006|1|INFO|Microsoft.AspNetCore.Hosting.Internal.WebHost|Request starting HTTP/1.1 GET http://127.0.0.1:7321/swagger/swagger-ui.css   
2018-07-12 19:12:00.9065|1|INFO|Microsoft.AspNetCore.Hosting.Internal.WebHost|Request starting HTTP/1.1 GET http://127.0.0.1:7321/swagger/swagger-ui-standalone-preset.js   
2018-07-12 19:12:00.9065|1|INFO|Microsoft.AspNetCore.Hosting.Internal.WebHost|Request starting HTTP/1.1 GET http://127.0.0.1:7321/swagger/swagger-ui-standalone-preset.js   
2018-07-12 19:12:00.9277|2|INFO|Microsoft.AspNetCore.StaticFiles.StaticFileMiddleware|Sending file. Request path: '/swagger-ui-bundle.js'. Physical path: 'N/A' 
2018-07-12 19:12:00.9277|2|INFO|Microsoft.AspNetCore.StaticFiles.StaticFileMiddleware|Sending file. Request path: '/swagger-ui-bundle.js'. Physical path: 'N/A' 
2018-07-12 19:12:00.9277|2|INFO|Microsoft.AspNetCore.StaticFiles.StaticFileMiddleware|Sending file. Request path: '/swagger-ui-standalone-preset.js'. Physical path: 'N/A' 
2018-07-12 19:12:00.9277|2|INFO|Microsoft.AspNetCore.StaticFiles.StaticFileMiddleware|Sending file. Request path: '/swagger-ui.css'. Physical path: 'N/A' 
2018-07-12 19:12:00.9277|2|INFO|Microsoft.AspNetCore.StaticFiles.StaticFileMiddleware|Sending file. Request path: '/swagger-ui.css'. Physical path: 'N/A' 
2018-07-12 19:12:00.9277|2|INFO|Microsoft.AspNetCore.StaticFiles.StaticFileMiddleware|Sending file. Request path: '/swagger-ui-standalone-preset.js'. Physical path: 'N/A' 
2018-07-12 19:12:00.9724|9|DEBUG|Microsoft.AspNetCore.Server.Kestrel|Connection id "0HLF7T13OSK07" completed keep alive response. 
2018-07-12 19:12:00.9724|9|DEBUG|Microsoft.AspNetCore.Server.Kestrel|Connection id "0HLF7T13OSK07" completed keep alive response. 
2018-07-12 19:12:00.9724|2|INFO|Microsoft.AspNetCore.Hosting.Internal.WebHost|Request finished in 75.007ms 200 text/css 
2018-07-12 19:12:00.9724|2|INFO|Microsoft.AspNetCore.Hosting.Internal.WebHost|Request finished in 75.007ms 200 text/css 
2018-07-12 19:12:00.9724|9|DEBUG|Microsoft.AspNetCore.Server.Kestrel|Connection id "0HLF7T13OSK08" completed keep alive response. 
2018-07-12 19:12:00.9724|9|DEBUG|Microsoft.AspNetCore.Server.Kestrel|Connection id "0HLF7T13OSK08" completed keep alive response. 
2018-07-12 19:12:00.9724|2|INFO|Microsoft.AspNetCore.Hosting.Internal.WebHost|Request finished in 70.8272ms 200 application/javascript 
2018-07-12 19:12:00.9724|2|INFO|Microsoft.AspNetCore.Hosting.Internal.WebHost|Request finished in 70.8272ms 200 application/javascript 
2018-07-12 19:12:00.9905|9|DEBUG|Microsoft.AspNetCore.Server.Kestrel|Connection id "0HLF7T13OSK06" completed keep alive response. 
2018-07-12 19:12:00.9905|9|DEBUG|Microsoft.AspNetCore.Server.Kestrel|Connection id "0HLF7T13OSK06" completed keep alive response. 
2018-07-12 19:12:00.9905|2|INFO|Microsoft.AspNetCore.Hosting.Internal.WebHost|Request finished in 91.2284ms 200 application/javascript 
2018-07-12 19:12:00.9905|2|INFO|Microsoft.AspNetCore.Hosting.Internal.WebHost|Request finished in 91.2284ms 200 application/javascript 
2018-07-12 19:12:01.3245|1|INFO|Microsoft.AspNetCore.Hosting.Internal.WebHost|Request starting HTTP/1.1 GET http://127.0.0.1:7321/swagger/v1/swagger.json   
2018-07-12 19:12:01.3245|1|INFO|Microsoft.AspNetCore.Hosting.Internal.WebHost|Request starting HTTP/1.1 GET http://127.0.0.1:7321/swagger/v1/swagger.json   
2018-07-12 19:12:01.3582|1|INFO|Microsoft.AspNetCore.Hosting.Internal.WebHost|Request starting HTTP/1.1 GET http://127.0.0.1:7321/swagger/favicon-32x32.png   
2018-07-12 19:12:01.3582|1|INFO|Microsoft.AspNetCore.Hosting.Internal.WebHost|Request starting HTTP/1.1 GET http://127.0.0.1:7321/swagger/favicon-32x32.png   
2018-07-12 19:12:01.3582|2|INFO|Microsoft.AspNetCore.StaticFiles.StaticFileMiddleware|Sending file. Request path: '/favicon-32x32.png'. Physical path: 'N/A' 
2018-07-12 19:12:01.3582|2|INFO|Microsoft.AspNetCore.StaticFiles.StaticFileMiddleware|Sending file. Request path: '/favicon-32x32.png'. Physical path: 'N/A' 
2018-07-12 19:12:01.3582|9|DEBUG|Microsoft.AspNetCore.Server.Kestrel|Connection id "0HLF7T13OSK08" completed keep alive response. 
2018-07-12 19:12:01.3582|9|DEBUG|Microsoft.AspNetCore.Server.Kestrel|Connection id "0HLF7T13OSK08" completed keep alive response. 
2018-07-12 19:12:01.3582|2|INFO|Microsoft.AspNetCore.Hosting.Internal.WebHost|Request finished in 5.7399ms 200 image/png 
2018-07-12 19:12:01.3582|2|INFO|Microsoft.AspNetCore.Hosting.Internal.WebHost|Request finished in 5.7399ms 200 image/png 
2018-07-12 19:12:01.3582|1|INFO|Microsoft.AspNetCore.Hosting.Internal.WebHost|Request starting HTTP/1.1 GET http://127.0.0.1:7321/swagger/favicon-16x16.png   
2018-07-12 19:12:01.3582|1|INFO|Microsoft.AspNetCore.Hosting.Internal.WebHost|Request starting HTTP/1.1 GET http://127.0.0.1:7321/swagger/favicon-16x16.png   
2018-07-12 19:12:01.3582|2|INFO|Microsoft.AspNetCore.StaticFiles.StaticFileMiddleware|Sending file. Request path: '/favicon-16x16.png'. Physical path: 'N/A' 
2018-07-12 19:12:01.3582|2|INFO|Microsoft.AspNetCore.StaticFiles.StaticFileMiddleware|Sending file. Request path: '/favicon-16x16.png'. Physical path: 'N/A' 
2018-07-12 19:12:01.3582|9|DEBUG|Microsoft.AspNetCore.Server.Kestrel|Connection id "0HLF7T13OSK08" completed keep alive response. 
2018-07-12 19:12:01.3582|9|DEBUG|Microsoft.AspNetCore.Server.Kestrel|Connection id "0HLF7T13OSK08" completed keep alive response. 
2018-07-12 19:12:01.3582|2|INFO|Microsoft.AspNetCore.Hosting.Internal.WebHost|Request finished in 4.8333ms 200 image/png 
2018-07-12 19:12:01.3582|2|INFO|Microsoft.AspNetCore.Hosting.Internal.WebHost|Request finished in 4.8333ms 200 image/png 
2018-07-12 19:12:01.5481|9|DEBUG|Microsoft.AspNetCore.Server.Kestrel|Connection id "0HLF7T13OSK06" completed keep alive response. 
2018-07-12 19:12:01.5481|9|DEBUG|Microsoft.AspNetCore.Server.Kestrel|Connection id "0HLF7T13OSK06" completed keep alive response. 
2018-07-12 19:12:01.5481|2|INFO|Microsoft.AspNetCore.Hosting.Internal.WebHost|Request finished in 225.2674ms 200 application/json 
2018-07-12 19:12:01.5481|2|INFO|Microsoft.AspNetCore.Hosting.Internal.WebHost|Request finished in 225.2674ms 200 application/json 
2018-07-12 19:12:06.1641|1|INFO|Microsoft.AspNetCore.Hosting.Internal.WebHost|Request starting HTTP/1.1 GET http://127.0.0.1:7321/api/datasources/v1/types   
2018-07-12 19:12:06.1641|1|INFO|Microsoft.AspNetCore.Hosting.Internal.WebHost|Request starting HTTP/1.1 GET http://127.0.0.1:7321/api/datasources/v1/types   
2018-07-12 19:12:06.1641|3|DEBUG|Microsoft.AspNetCore.StaticFiles.StaticFileMiddleware|The request path  does not match the path filter 
2018-07-12 19:12:06.1641|3|DEBUG|Microsoft.AspNetCore.StaticFiles.StaticFileMiddleware|The request path  does not match the path filter 
2018-07-12 19:12:06.1641|1|DEBUG|Microsoft.AspNetCore.Routing.Tree.TreeRouter|Request successfully matched the route with name '(null)' and template 'api/datasources/v1/types'. 
2018-07-12 19:12:06.1701|1|DEBUG|Microsoft.AspNetCore.Routing.Tree.TreeRouter|Request successfully matched the route with name '(null)' and template 'api/datasources/v1/types'. 
2018-07-12 19:12:06.2461|1|DEBUG|Microsoft.AspNetCore.Mvc.Internal.ControllerActionInvoker|Executing action Dist.Dme.WebApi.Controllers.DataSourcesController.ListDatabaseTypes (Dist.Dme.WebApi) 
2018-07-12 19:12:06.2461|1|DEBUG|Microsoft.AspNetCore.Mvc.Internal.ControllerActionInvoker|Executing action Dist.Dme.WebApi.Controllers.DataSourcesController.ListDatabaseTypes (Dist.Dme.WebApi) 
2018-07-12 19:12:06.3007|1|INFO|Microsoft.AspNetCore.Mvc.Internal.ControllerActionInvoker|Executing action method Dist.Dme.WebApi.Controllers.DataSourcesController.ListDatabaseTypes (Dist.Dme.WebApi) with arguments ((null)) - ModelState is Valid 
2018-07-12 19:12:06.3007|1|INFO|Microsoft.AspNetCore.Mvc.Internal.ControllerActionInvoker|Executing action method Dist.Dme.WebApi.Controllers.DataSourcesController.ListDatabaseTypes (Dist.Dme.WebApi) with arguments ((null)) - ModelState is Valid 
2018-07-12 19:12:07.7825|2|DEBUG|Microsoft.AspNetCore.Mvc.Internal.ControllerActionInvoker|Executed action method Dist.Dme.WebApi.Controllers.DataSourcesController.ListDatabaseTypes (Dist.Dme.WebApi), returned result Microsoft.AspNetCore.Mvc.ObjectResult. 
2018-07-12 19:12:07.7825|2|DEBUG|Microsoft.AspNetCore.Mvc.Internal.ControllerActionInvoker|Executed action method Dist.Dme.WebApi.Controllers.DataSourcesController.ListDatabaseTypes (Dist.Dme.WebApi), returned result Microsoft.AspNetCore.Mvc.ObjectResult. 
2018-07-12 19:12:07.8075|5|DEBUG|Microsoft.AspNetCore.Mvc.Internal.ObjectResultExecutor|Could not find an output formatter based on content negotiation. Accepted types were (text/plain) 
2018-07-12 19:12:07.8075|5|DEBUG|Microsoft.AspNetCore.Mvc.Internal.ObjectResultExecutor|Could not find an output formatter based on content negotiation. Accepted types were (text/plain) 
2018-07-12 19:12:07.8113|2|DEBUG|Microsoft.AspNetCore.Mvc.Internal.ObjectResultExecutor|Selected output formatter 'Microsoft.AspNetCore.Mvc.Formatters.JsonOutputFormatter' and content type 'application/json' to write the response. 
2018-07-12 19:12:07.8113|2|DEBUG|Microsoft.AspNetCore.Mvc.Internal.ObjectResultExecutor|Selected output formatter 'Microsoft.AspNetCore.Mvc.Formatters.JsonOutputFormatter' and content type 'application/json' to write the response. 
2018-07-12 19:12:07.8113|1|INFO|Microsoft.AspNetCore.Mvc.Internal.ObjectResultExecutor|Executing ObjectResult, writing value Microsoft.AspNetCore.Mvc.ControllerContext. 
2018-07-12 19:12:07.8113|1|INFO|Microsoft.AspNetCore.Mvc.Internal.ObjectResultExecutor|Executing ObjectResult, writing value Microsoft.AspNetCore.Mvc.ControllerContext. 
2018-07-12 19:12:07.8456|2|INFO|Microsoft.AspNetCore.Mvc.Internal.ControllerActionInvoker|Executed action Dist.Dme.WebApi.Controllers.DataSourcesController.ListDatabaseTypes (Dist.Dme.WebApi) in 1593.9929ms 
2018-07-12 19:12:07.8456|2|INFO|Microsoft.AspNetCore.Mvc.Internal.ControllerActionInvoker|Executed action Dist.Dme.WebApi.Controllers.DataSourcesController.ListDatabaseTypes (Dist.Dme.WebApi) in 1593.9929ms 
2018-07-12 19:12:07.8456|9|DEBUG|Microsoft.AspNetCore.Server.Kestrel|Connection id "0HLF7T13OSK06" completed keep alive response. 
2018-07-12 19:12:07.8456|9|DEBUG|Microsoft.AspNetCore.Server.Kestrel|Connection id "0HLF7T13OSK06" completed keep alive response. 
2018-07-12 19:12:07.8456|2|INFO|Microsoft.AspNetCore.Hosting.Internal.WebHost|Request finished in 1685.9354ms 200 application/json; charset=utf-8 
2018-07-12 19:12:07.8456|2|INFO|Microsoft.AspNetCore.Hosting.Internal.WebHost|Request finished in 1685.9354ms 200 application/json; charset=utf-8 
